receive: type=create_shape user=abhishek is_authenticated=True
receive: type=move_shape user=abhishek is_authenticated=True
receive: type=create_shape user=ishita is_authenticated=True
receive: type=undo user=ishita is_authenticated=True
receive: type=undo user=ishita is_authenticated=True
receive: type=undo user=ishita is_authenticated=True
receive: type=redo user=ishita is_authenticated=True
receive: type=redo user=ishita is_authenticated=True
receive: type=redo user=ishita is_authenticated=True
receive: type=undo user=ishita is_authenticated=True
receive: type=undo user=ishita is_authenticated=True
receive: type=undo user=ishita is_authenticated=True
receive: type=redo user=ishita is_authenticated=True
receive: type=redo user=ishita is_authenticated=True
receive: type=redo user=ishita is_authenticated=True
receive: type=create_shape user=abhishek is_authenticated=True
receive: type=undo user=ishita is_authenticated=True
receive: type=redo user=ishita is_authenticated=True
receive: type=redo user=ishita is_authenticated=True
receive: type=redo user=ishita is_authenticated=True
receive: type=undo user=ishita is_authenticated=True
receive: type=undo user=ishita is_authenticated=True
receive: type=redo user=ishita is_authenticated=True
receive: type=redo user=ishita is_authenticated=True
receive: type=move_many user=ishita is_authenticated=True
receive: type=undo user=ishita is_authenticated=True
receive: type=delete_many user=ishita is_authenticated=True
receive: type=undo user=ishita is_authenticated=True
receive: type=undo user=ishita is_authenticated=True
receive: type=redo user=ishita is_authenticated=True
receive: type=redo user=ishita is_authenticated=True
receive: type=redo user=ishita is_authenticated=True
receive: type=redo user=ishita is_authenticated=True
receive: type=redo user=ishita is_authenticated=True
receive: type=undo user=ishita is_authenticated=True
receive: type=undo user=ishita is_authenticated=True
receive: type=undo user=ishita is_authenticated=True
receive: type=undo user=ishita is_authenticated=True
receive: type=undo user=ishita is_authenticated=True
receive: type=undo user=ishita is_authenticated=True
receive: type=undo user=ishita is_authenticated=True
receive: type=redo user=ishita is_authenticated=True
receive: type=redo user=ishita is_authenticated=True
receive: type=redo user=ishita is_authenticated=True
receive: type=redo user=ishita is_authenticated=True
receive: type=redo user=ishita is_authenticated=True
receive: type=redo user=ishita is_authenticated=True
receive: type=redo user=ishita is_authenticated=True
receive: type=undo user=ishita is_authenticated=True
receive: type=undo user=ishita is_authenticated=True
receive: type=undo user=ishita is_authenticated=True
receive: type=undo user=ishita is_authenticated=True
receive: type=undo user=ishita is_authenticated=True
receive: type=undo user=ishita is_authenticated=True
receive: type=redo user=ishita is_authenticated=True
receive: type=redo user=ishita is_authenticated=True
receive: type=redo user=ishita is_authenticated=True
receive: type=redo user=ishita is_authenticated=True
receive: type=redo user=ishita is_authenticated=True
receive: type=undo user=ishita is_authenticated=True
receive: type=undo user=ishita is_authenticated=True
receive: type=redo user=ishita is_authenticated=True
receive: type=redo user=ishita is_authenticated=True
receive: type=undo user=ishita is_authenticated=True
receive: type=undo user=ishita is_authenticated=True
receive: type=undo user=ishita is_authenticated=True
receive: type=redo user=ishita is_authenticated=True
receive: type=redo user=ishita is_authenticated=True
receive: type=delete_many user=ishita is_authenticated=True
receive: type=undo user=ishita is_authenticated=True
receive: type=redo user=ishita is_authenticated=True
receive: type=redo user=ishita is_authenticated=True
receive: type=undo user=ishita is_authenticated=True
receive: type=undo user=ishita is_authenticated=True
receive: type=redo user=ishita is_authenticated=True
receive: type=redo user=ishita is_authenticated=True
receive: type=undo user=ishita is_authenticated=True
receive: type=undo user=ishita is_authenticated=True
receive: type=undo user=ishita is_authenticated=True
receive: type=redo user=ishita is_authenticated=True
receive: type=redo user=ishita is_authenticated=True
receive: type=redo user=ishita is_authenticated=True
receive: type=create_shape user=abhishek is_authenticated=True
receive: type=create_shape user=abhishek is_authenticated=True
receive: type=create_shape user=abhishek is_authenticated=True
receive: type=delete_many user=abhishek is_authenticated=True
receive: type=undo user=abhishek is_authenticated=True
receive: type=undo user=abhishek is_authenticated=True
receive: type=undo user=abhishek is_authenticated=True
receive: type=undo user=abhishek is_authenticated=True
receive: type=undo user=abhishek is_authenticated=True
receive: type=undo user=abhishek is_authenticated=True
receive: type=undo user=abhishek is_authenticated=True
receive: type=undo user=abhishek is_authenticated=True
receive: type=redo user=abhishek is_authenticated=True
receive: type=redo user=abhishek is_authenticated=True
receive: type=redo user=abhishek is_authenticated=True
receive: type=redo user=abhishek is_authenticated=True
receive: type=move_many user=abhishek is_authenticated=True
receive: type=undo user=abhishek is_authenticated=True
receive: type=move_many user=abhishek is_authenticated=True
receive: type=undo user=abhishek is_authenticated=True
receive: type=undo user=abhishek is_authenticated=True
receive: type=redo user=abhishek is_authenticated=True
receive: type=redo user=abhishek is_authenticated=True
receive: type=undo user=abhishek is_authenticated=True
receive: type=update_color user=abhishek is_authenticated=True
receive: type=move_shape user=abhishek is_authenticated=True
receive: type=undo user=abhishek is_authenticated=True
receive: type=undo user=abhishek is_authenticated=True
receive: type=undo user=abhishek is_authenticated=True
receive: type=redo user=abhishek is_authenticated=True
receive: type=redo user=abhishek is_authenticated=True
receive: type=redo user=abhishek is_authenticated=True
receive: type=create_shape user=ishita is_authenticated=True
receive: type=update_color user=ishita is_authenticated=True
receive: type=undo user=ishita is_authenticated=True
receive: type=undo user=ishita is_authenticated=True
receive: type=redo user=ishita is_authenticated=True
receive: type=redo user=ishita is_authenticated=True
receive: type=redo user=ishita is_authenticated=True
receive: type=move_shape user=ishita is_authenticated=True
receive: type=resize_shape user=ishita is_authenticated=True
receive: type=update_color user=ishita is_authenticated=True
receive: type=undo user=ishita is_authenticated=True
receive: type=undo user=ishita is_authenticated=True
receive: type=undo user=ishita is_authenticated=True
receive: type=undo user=ishita is_authenticated=True
receive: type=undo user=ishita is_authenticated=True
receive: type=redo user=ishita is_authenticated=True
receive: type=redo user=ishita is_authenticated=True
receive: type=redo user=ishita is_authenticated=True
receive: type=redo user=ishita is_authenticated=True
receive: type=redo user=ishita is_authenticated=True
receive: type=redo user=ishita is_authenticated=True
receive: type=redo user=ishita is_authenticated=True
receive: type=move_shape user=ishita is_authenticated=True
receive: type=undo user=ishita is_authenticated=True
receive: type=undo user=ishita is_authenticated=True
receive: type=undo user=ishita is_authenticated=True
receive: type=undo user=ishita is_authenticated=True
receive: type=undo user=ishita is_authenticated=True
receive: type=undo user=ishita is_authenticated=True
receive: type=undo user=ishita is_authenticated=True
receive: type=undo user=ishita is_authenticated=True
receive: type=update_color user=ishita is_authenticated=True
receive: type=undo user=ishita is_authenticated=True
receive: type=undo user=ishita is_authenticated=True
receive: type=undo user=ishita is_authenticated=True
receive: type=redo user=ishita is_authenticated=True
receive: type=redo user=ishita is_authenticated=True
receive: type=redo user=ishita is_authenticated=True
receive: type=redo user=ishita is_authenticated=True
receive: type=undo user=ishita is_authenticated=True
receive: type=redo user=ishita is_authenticated=True
receive: type=undo user=ishita is_authenticated=True
receive: type=undo user=ishita is_authenticated=True
receive: type=undo user=ishita is_authenticated=True
receive: type=redo user=ishita is_authenticated=True
receive: type=redo user=ishita is_authenticated=True
receive: type=redo user=ishita is_authenticated=True
receive: type=redo user=ishita is_authenticated=True
receive: type=undo user=ishita is_authenticated=True
receive: type=undo user=ishita is_authenticated=True
receive: type=undo user=ishita is_authenticated=True
receive: type=undo user=ishita is_authenticated=True
receive: type=undo user=ishita is_authenticated=True
receive: type=undo user=ishita is_authenticated=True
receive: type=undo user=abhishek is_authenticated=True
receive: type=undo user=abhishek is_authenticated=True
receive: type=undo user=abhishek is_authenticated=True
receive: type=undo user=abhishek is_authenticated=True
receive: type=undo user=abhishek is_authenticated=True
receive: type=undo user=abhishek is_authenticated=True
receive: type=undo user=abhishek is_authenticated=True
receive: type=redo user=abhishek is_authenticated=True
receive: type=redo user=abhishek is_authenticated=True
receive: type=redo user=abhishek is_authenticated=True
receive: type=redo user=abhishek is_authenticated=True
receive: type=redo user=abhishek is_authenticated=True
receive: type=restore_snapshot user=abhishek is_authenticated=True
receive: type=undo user=ishita is_authenticated=True
receive: type=undo user=ishita is_authenticated=True
receive: type=redo user=ishita is_authenticated=True
receive: type=redo user=ishita is_authenticated=True
receive: type=undo user=ishita is_authenticated=True
receive: type=undo user=ishita is_authenticated=True
receive: type=undo user=ishita is_authenticated=True
receive: type=undo user=ishita is_authenticated=True
receive: type=undo user=ishita is_authenticated=True
receive: type=undo user=ishita is_authenticated=True
receive: type=undo user=ishita is_authenticated=True
receive: type=undo user=ishita is_authenticated=True
receive: type=undo user=abhishek is_authenticated=True
receive: type=redo user=abhishek is_authenticated=True
receive: type=redo user=abhishek is_authenticated=True
receive: type=undo user=abhishek is_authenticated=True
receive: type=undo user=abhishek is_authenticated=True
receive: type=undo user=abhishek is_authenticated=True
receive: type=undo user=abhishek is_authenticated=True
receive: type=undo user=abhishek is_authenticated=True
receive: type=redo user=abhishek is_authenticated=True
receive: type=redo user=abhishek is_authenticated=True
receive: type=redo user=abhishek is_authenticated=True
receive: type=undo user=abhishek is_authenticated=True
receive: type=undo user=abhishek is_authenticated=True
receive: type=undo user=abhishek is_authenticated=True
receive: type=undo user=abhishek is_authenticated=True
receive: type=redo user=abhishek is_authenticated=True
receive: type=redo user=abhishek is_authenticated=True
receive: type=redo user=abhishek is_authenticated=True
receive: type=redo user=abhishek is_authenticated=True
receive: type=redo user=abhishek is_authenticated=True
receive: type=redo user=abhishek is_authenticated=True
receive: type=redo user=abhishek is_authenticated=True
receive: type=redo user=abhishek is_authenticated=True
receive: type=undo user=ishita is_authenticated=True
receive: type=undo user=ishita is_authenticated=True
receive: type=undo user=ishita is_authenticated=True
receive: type=undo user=ishita is_authenticated=True
receive: type=undo user=abhishek is_authenticated=True
receive: type=undo user=abhishek is_authenticated=True
receive: type=redo user=abhishek is_authenticated=True
receive: type=redo user=abhishek is_authenticated=True
receive: type=redo user=abhishek is_authenticated=True
receive: type=redo user=abhishek is_authenticated=True
receive: type=undo user=abhishek is_authenticated=True
receive: type=undo user=abhishek is_authenticated=True
receive: type=undo user=abhishek is_authenticated=True
receive: type=undo user=abhishek is_authenticated=True
receive: type=restore_snapshot user=abhishek is_authenticated=True
receive: type=undo user=abhishek is_authenticated=True
receive: type=undo user=abhishek is_authenticated=True
receive: type=undo user=abhishek is_authenticated=True
receive: type=redo user=abhishek is_authenticated=True
receive: type=redo user=abhishek is_authenticated=True
receive: type=redo user=abhishek is_authenticated=True
receive: type=redo user=abhishek is_authenticated=True
receive: type=redo user=abhishek is_authenticated=True
receive: type=undo user=abhishek is_authenticated=True
receive: type=undo user=abhishek is_authenticated=True
receive: type=undo user=abhishek is_authenticated=True
receive: type=redo user=abhishek is_authenticated=True
receive: type=redo user=abhishek is_authenticated=True
receive: type=redo user=abhishek is_authenticated=True
receive: type=redo user=abhishek is_authenticated=True
receive: type=redo user=abhishek is_authenticated=True
receive: type=undo user=ishita is_authenticated=True
receive: type=undo user=ishita is_authenticated=True
receive: type=undo user=ishita is_authenticated=True
receive: type=undo user=ishita is_authenticated=True
receive: type=undo user=ishita is_authenticated=True
receive: type=redo user=ishita is_authenticated=True
receive: type=redo user=ishita is_authenticated=True
receive: type=undo user=ishita is_authenticated=True
receive: type=undo user=ishita is_authenticated=True
receive: type=create_shape user=ishita is_authenticated=True
receive: type=undo user=abhishek is_authenticated=True
receive: type=undo user=abhishek is_authenticated=True
receive: type=create_shape user=abhishek is_authenticated=True
receive: type=undo user=ishita is_authenticated=True
receive: type=undo user=ishita is_authenticated=True
receive: type=redo user=ishita is_authenticated=True
receive: type=redo user=ishita is_authenticated=True
receive: type=create_shape user=ishita is_authenticated=True
receive: type=create_shape user=ishita is_authenticated=True
receive: type=update_color user=ishita is_authenticated=True
receive: type=restore_snapshot user=ishita is_authenticated=True
receive: type=undo user=ishita is_authenticated=True
receive: type=undo user=ishita is_authenticated=True
receive: type=undo user=ishita is_authenticated=True
receive: type=undo user=ishita is_authenticated=True
receive: type=redo user=ishita is_authenticated=True
receive: type=redo user=ishita is_authenticated=True
receive: type=redo user=ishita is_authenticated=True
receive: type=redo user=ishita is_authenticated=True
receive: type=redo user=ishita is_authenticated=True
receive: type=undo user=ishita is_authenticated=True
receive: type=undo user=ishita is_authenticated=True
receive: type=undo user=ishita is_authenticated=True
receive: type=restore_snapshot user=ishita is_authenticated=True
receive: type=redo user=ishita is_authenticated=True
receive: type=undo user=ishita is_authenticated=True
receive: type=undo user=ishita is_authenticated=True
receive: type=undo user=ishita is_authenticated=True
receive: type=create_shape user=ishita is_authenticated=True
receive: type=undo user=ishita is_authenticated=True
receive: type=undo user=ishita is_authenticated=True
receive: type=redo user=ishita is_authenticated=True
receive: type=redo user=ishita is_authenticated=True
receive: type=undo user=ishita is_authenticated=True
receive: type=redo user=ishita is_authenticated=True
receive: type=create_shape user=ishita is_authenticated=True
receive: type=move_shape user=ishita is_authenticated=True
receive: type=resize_shape user=ishita is_authenticated=True
receive: type=move_shape user=abhishek is_authenticated=True
receive: type=create_shape user=abhishek is_authenticated=True
receive: type=create_shape user=abhishek is_authenticated=True
receive: type=resize_shape user=abhishek is_authenticated=True
receive: type=undo user=abhishek is_authenticated=True
receive: type=undo user=abhishek is_authenticated=True
receive: type=undo user=abhishek is_authenticated=True
receive: type=restore_snapshot user=abhishek is_authenticated=True
receive: type=undo user=abhishek is_authenticated=True
receive: type=undo user=abhishek is_authenticated=True
receive: type=undo user=abhishek is_authenticated=True
receive: type=redo user=abhishek is_authenticated=True
receive: type=redo user=abhishek is_authenticated=True
receive: type=redo user=abhishek is_authenticated=True
receive: type=redo user=abhishek is_authenticated=True
receive: type=restore_snapshot user=ishita is_authenticated=True
receive: type=restore_snapshot user=abhishek is_authenticated=True
receive: type=restore_snapshot user=abhishek is_authenticated=True
receive: type=restore_snapshot user=ishita is_authenticated=True
receive: type=restore_snapshot user=abhishek is_authenticated=True
receive: type=restore_snapshot user=ishita is_authenticated=True
receive: type=restore_snapshot user=abhishek is_authenticated=True
receive: type=restore_snapshot user=ishita is_authenticated=True
receive: type=restore_snapshot user=abhishek is_authenticated=True
receive: type=restore_snapshot user=ishita is_authenticated=True
receive: type=restore_snapshot user=abhishek is_authenticated=True
receive: type=restore_snapshot user=ishita is_authenticated=True
receive: type=restore_snapshot user=abhishek is_authenticated=True
receive: type=restore_snapshot user=ishita is_authenticated=True
receive: type=restore_snapshot user=abhishek is_authenticated=True
receive: type=restore_snapshot user=ishita is_authenticated=True
receive: type=restore_snapshot user=abhishek is_authenticated=True
receive: type=restore_snapshot user=ishita is_authenticated=True
receive: type=restore_snapshot user=abhishek is_authenticated=True
receive: type=restore_snapshot user=ishita is_authenticated=True
receive: type=restore_snapshot user=abhishek is_authenticated=True
receive: type=restore_snapshot user=ishita is_authenticated=True
receive: type=restore_snapshot user=abhishek is_authenticated=True
receive: type=restore_snapshot user=ishita is_authenticated=True
receive: type=restore_snapshot user=abhishek is_authenticated=True
receive: type=restore_snapshot user=ishita is_authenticated=True
receive: type=restore_snapshot user=abhishek is_authenticated=True
receive: type=restore_snapshot user=ishita is_authenticated=True
receive: type=restore_snapshot user=abhishek is_authenticated=True
receive: type=restore_snapshot user=ishita is_authenticated=True
receive: type=restore_snapshot user=abhishek is_authenticated=True
receive: type=restore_snapshot user=ishita is_authenticated=True
receive: type=restore_snapshot user=abhishek is_authenticated=True
receive: type=restore_snapshot user=ishita is_authenticated=True
receive: type=restore_snapshot user=abhishek is_authenticated=True
receive: type=restore_snapshot user=ishita is_authenticated=True
receive: type=restore_snapshot user=abhishek is_authenticated=True
receive: type=restore_snapshot user=ishita is_authenticated=True
receive: type=restore_snapshot user=abhishek is_authenticated=True
receive: type=restore_snapshot user=ishita is_authenticated=True
receive: type=restore_snapshot user=abhishek is_authenticated=True
receive: type=restore_snapshot user=ishita is_authenticated=True
receive: type=restore_snapshot user=abhishek is_authenticated=True
receive: type=restore_snapshot user=ishita is_authenticated=True
receive: type=restore_snapshot user=abhishek is_authenticated=True
receive: type=restore_snapshot user=ishita is_authenticated=True
receive: type=restore_snapshot user=abhishek is_authenticated=True
receive: type=restore_snapshot user=ishita is_authenticated=True
receive: type=restore_snapshot user=abhishek is_authenticated=True
receive: type=restore_snapshot user=ishita is_authenticated=True
receive: type=restore_snapshot user=abhishek is_authenticated=True
receive: type=restore_snapshot user=ishita is_authenticated=True
receive: type=restore_snapshot user=abhishek is_authenticated=True
receive: type=restore_snapshot user=ishita is_authenticated=True
receive: type=restore_snapshot user=abhishek is_authenticated=True
receive: type=restore_snapshot user=ishita is_authenticated=True
receive: type=restore_snapshot user=abhishek is_authenticated=True
receive: type=restore_snapshot user=ishita is_authenticated=True
receive: type=restore_snapshot user=abhishek is_authenticated=True
receive: type=restore_snapshot user=ishita is_authenticated=True
receive: type=restore_snapshot user=abhishek is_authenticated=True
receive: type=restore_snapshot user=ishita is_authenticated=True
receive: type=restore_snapshot user=abhishek is_authenticated=True
receive: type=restore_snapshot user=ishita is_authenticated=True
receive: type=restore_snapshot user=abhishek is_authenticated=True
receive: type=restore_snapshot user=ishita is_authenticated=True
receive: type=restore_snapshot user=abhishek is_authenticated=True
receive: type=restore_snapshot user=ishita is_authenticated=True
receive: type=restore_snapshot user=abhishek is_authenticated=True
receive: type=restore_snapshot user=ishita is_authenticated=True
receive: type=restore_snapshot user=abhishek is_authenticated=True
receive: type=restore_snapshot user=ishita is_authenticated=True
receive: type=restore_snapshot user=abhishek is_authenticated=True
receive: type=restore_snapshot user=ishita is_authenticated=True
receive: type=restore_snapshot user=abhishek is_authenticated=True
receive: type=restore_snapshot user=ishita is_authenticated=True
receive: type=restore_snapshot user=abhishek is_authenticated=True
receive: type=restore_snapshot user=ishita is_authenticated=True
receive: type=restore_snapshot user=abhishek is_authenticated=True
receive: type=restore_snapshot user=ishita is_authenticated=True
receive: type=restore_snapshot user=abhishek is_authenticated=True
receive: type=restore_snapshot user=ishita is_authenticated=True
receive: type=restore_snapshot user=abhishek is_authenticated=True
receive: type=restore_snapshot user=ishita is_authenticated=True
receive: type=restore_snapshot user=abhishek is_authenticated=True
receive: type=restore_snapshot user=ishita is_authenticated=True
receive: type=restore_snapshot user=abhishek is_authenticated=True
receive: type=restore_snapshot user=ishita is_authenticated=True
receive: type=restore_snapshot user=abhishek is_authenticated=True
receive: type=restore_snapshot user=ishita is_authenticated=True
receive: type=restore_snapshot user=abhishek is_authenticated=True
receive: type=restore_snapshot user=ishita is_authenticated=True
receive: type=restore_snapshot user=abhishek is_authenticated=True
receive: type=restore_snapshot user=ishita is_authenticated=True
receive: type=restore_snapshot user=abhishek is_authenticated=True
receive: type=restore_snapshot user=ishita is_authenticated=True
receive: type=restore_snapshot user=abhishek is_authenticated=True
receive: type=restore_snapshot user=ishita is_authenticated=True
receive: type=restore_snapshot user=abhishek is_authenticated=True
receive: type=restore_snapshot user=ishita is_authenticated=True
receive: type=restore_snapshot user=abhishek is_authenticated=True
receive: type=restore_snapshot user=ishita is_authenticated=True
receive: type=restore_snapshot user=abhishek is_authenticated=True
receive: type=restore_snapshot user=ishita is_authenticated=True
receive: type=create_shape user=ishita is_authenticated=True
receive: type=create_shape user=ishita is_authenticated=True
receive: type=move_shape user=ishita is_authenticated=True
receive: type=create_shape user=abhishek is_authenticated=True
receive: type=move_shape user=abhishek is_authenticated=True
receive: type=create_shape user=abhishek is_authenticated=True
receive: type=resize_shape user=ishita is_authenticated=True
receive: type=undo user=ishita is_authenticated=True
receive: type=undo user=ishita is_authenticated=True
receive: type=restore_snapshot user=ishita is_authenticated=True
receive: type=redo user=ishita is_authenticated=True
receive: type=undo user=ishita is_authenticated=True
receive: type=undo user=ishita is_authenticated=True
receive: type=undo user=ishita is_authenticated=True
receive: type=undo user=abhishek is_authenticated=True
receive: type=undo user=abhishek is_authenticated=True
receive: type=redo user=abhishek is_authenticated=True
receive: type=redo user=abhishek is_authenticated=True
receive: type=create_shape user=abhishek is_authenticated=True
receive: type=create_shape user=abhishek is_authenticated=True
receive: type=create_shape user=abhishek is_authenticated=True
receive: type=move_shape user=ishita is_authenticated=True
receive: type=create_shape user=ishita is_authenticated=True
receive: type=undo user=ishita is_authenticated=True
receive: type=undo user=ishita is_authenticated=True
receive: type=restore_snapshot user=abhishek is_authenticated=True
receive: type=undo user=abhishek is_authenticated=True
receive: type=redo user=abhishek is_authenticated=True
receive: type=undo user=abhishek is_authenticated=True
receive: type=undo user=abhishek is_authenticated=True
receive: type=undo user=abhishek is_authenticated=True
receive: type=redo user=abhishek is_authenticated=True
receive: type=redo user=abhishek is_authenticated=True
receive: type=redo user=abhishek is_authenticated=True
receive: type=undo user=abhishek is_authenticated=True
receive: type=undo user=abhishek is_authenticated=True
receive: type=undo user=abhishek is_authenticated=True
receive: type=undo user=abhishek is_authenticated=True
receive: type=undo user=ishita is_authenticated=True
receive: type=create_shape user=ishita is_authenticated=True
receive: type=create_shape user=ishita is_authenticated=True
receive: type=move_shape user=ishita is_authenticated=True
receive: type=restore_snapshot user=ishita is_authenticated=True
receive: type=undo user=ishita is_authenticated=True
receive: type=undo user=ishita is_authenticated=True
receive: type=redo user=ishita is_authenticated=True
receive: type=redo user=ishita is_authenticated=True
receive: type=undo user=ishita is_authenticated=True
receive: type=undo user=ishita is_authenticated=True
receive: type=undo user=ishita is_authenticated=True
receive: type=redo user=ishita is_authenticated=True
receive: type=redo user=ishita is_authenticated=True
receive: type=undo user=ishita is_authenticated=True
receive: type=undo user=ishita is_authenticated=True
receive: type=move_shape user=abhishek is_authenticated=True
receive: type=create_shape user=abhishek is_authenticated=True
receive: type=resize_shape user=abhishek is_authenticated=True
receive: type=move_shape user=abhishek is_authenticated=True
receive: type=move_shape user=ishita is_authenticated=True
receive: type=resize_shape user=ishita is_authenticated=True
receive: type=undo user=ishita is_authenticated=True
receive: type=undo user=ishita is_authenticated=True
receive: type=restore_snapshot user=ishita is_authenticated=True
receive: type=undo user=ishita is_authenticated=True
receive: type=undo user=ishita is_authenticated=True
receive: type=redo user=ishita is_authenticated=True
receive: type=redo user=ishita is_authenticated=True
receive: type=undo user=ishita is_authenticated=True
receive: type=redo user=ishita is_authenticated=True
receive: type=undo user=abhishek is_authenticated=True
receive: type=undo user=abhishek is_authenticated=True
receive: type=undo user=abhishek is_authenticated=True
receive: type=undo user=abhishek is_authenticated=True
receive: type=undo user=abhishek is_authenticated=True
receive: type=redo user=abhishek is_authenticated=True
receive: type=redo user=abhishek is_authenticated=True
receive: type=redo user=abhishek is_authenticated=True
receive: type=redo user=abhishek is_authenticated=True
receive: type=redo user=abhishek is_authenticated=True
receive: type=redo user=abhishek is_authenticated=True
receive: type=restore_snapshot user=abhishek is_authenticated=True
receive: type=restore_snapshot user=abhishek is_authenticated=True
receive: type=undo user=ishita is_authenticated=True
receive: type=redo user=ishita is_authenticated=True
receive: type=redo user=ishita is_authenticated=True
receive: type=undo user=abhishek is_authenticated=True
receive: type=undo user=abhishek is_authenticated=True
receive: type=restore_snapshot user=abhishek is_authenticated=True
receive: type=create_shape user=ishita is_authenticated=True
receive: type=move_shape user=ishita is_authenticated=True
receive: type=undo user=abhishek is_authenticated=True
receive: type=undo user=abhishek is_authenticated=True
receive: type=restore_snapshot user=abhishek is_authenticated=True
receive: type=move_shape user=ishita is_authenticated=True
receive: type=delete_shape user=abhishek is_authenticated=True
receive: type=create_shape user=ishita is_authenticated=True
receive: type=create_shape user=abhishek is_authenticated=True
receive: type=delete_shape user=ishita is_authenticated=True
receive: type=delete_shape user=abhishek is_authenticated=True
receive: type=create_shape user=ishita is_authenticated=True
receive: type=undo user=ishita is_authenticated=True
receive: type=undo user=ishita is_authenticated=True
receive: type=undo user=ishita is_authenticated=True
receive: type=undo user=ishita is_authenticated=True
receive: type=undo user=ishita is_authenticated=True
receive: type=redo user=ishita is_authenticated=True
receive: type=redo user=ishita is_authenticated=True
receive: type=redo user=ishita is_authenticated=True
receive: type=redo user=ishita is_authenticated=True
receive: type=redo user=ishita is_authenticated=True
receive: type=redo user=ishita is_authenticated=True
receive: type=undo user=ishita is_authenticated=True
receive: type=undo user=ishita is_authenticated=True
receive: type=undo user=ishita is_authenticated=True
receive: type=undo user=ishita is_authenticated=True
receive: type=redo user=ishita is_authenticated=True
receive: type=undo user=ishita is_authenticated=True
receive: type=undo user=ishita is_authenticated=True
receive: type=redo user=ishita is_authenticated=True
receive: type=redo user=ishita is_authenticated=True
receive: type=redo user=ishita is_authenticated=True
receive: type=redo user=ishita is_authenticated=True
receive: type=undo user=ishita is_authenticated=True
receive: type=undo user=ishita is_authenticated=True
receive: type=undo user=ishita is_authenticated=True
receive: type=undo user=abhishek is_authenticated=True
receive: type=undo user=abhishek is_authenticated=True
receive: type=undo user=abhishek is_authenticated=True
receive: type=undo user=abhishek is_authenticated=True
receive: type=undo user=abhishek is_authenticated=True
receive: type=undo user=abhishek is_authenticated=True
receive: type=undo user=abhishek is_authenticated=True
receive: type=undo user=abhishek is_authenticated=True
receive: type=undo user=abhishek is_authenticated=True
receive: type=undo user=abhishek is_authenticated=True
receive: type=restore_snapshot user=abhishek is_authenticated=True
receive: type=create_shape user=ishita is_authenticated=True
receive: type=create_shape user=abhishek is_authenticated=True
receive: type=delete_shape user=ishita is_authenticated=True
receive: type=delete_shape user=abhishek is_authenticated=True
receive: type=move_shape user=ishita is_authenticated=True
receive: type=create_shape user=ishita is_authenticated=True
receive: type=restore_snapshot user=abhishek is_authenticated=True
receive: type=create_shape user=ishita is_authenticated=True
receive: type=create_shape user=ishita is_authenticated=True
receive: type=move_shape user=ishita is_authenticated=True
receive: type=move_shape user=ishita is_authenticated=True
receive: type=undo user=ishita is_authenticated=True
receive: type=undo user=ishita is_authenticated=True
receive: type=restore_snapshot user=ishita is_authenticated=True
